<?xml version="1.0" encoding="UTF-8"?>
<!-- Generated by org.testng.reporters.JUnitXMLReporter -->
<testsuite ignored="2" hostname="PRADEEP-PC" failures="0" tests="3" name="Test" time="56.52" errors="0" timestamp="2024-07-24T11:09:21 BST">
  <testcase classname="testCases.TC04_ContactUsForm" name="contactusform" time="24.04"/>
  <testcase classname="testCases.Tc01_AccountSignupTest" name="accountsignuptest" time="6.32"/>
  <testcase classname="testCases.Tc02_AccountLoginWithExistingUser" name="LoginPagetestcase" time="2.757"/>
  <testcase classname="testCases.Tc05_TestDDT" name="TestingUsingDDT" time="0.0">
    <ignored/>
  </testcase> <!-- TestingUsingDDT -->
  <testcase classname="testCases.TC03_AccountLoginWithInvalidEmailAddress" name="loginwithinvalid" time="0.0">
    <ignored/>
  </testcase> <!-- loginwithinvalid -->
</testsuite> <!-- Test -->
